Using pre-set license
Built from '2020.3/release' branch; Version is '2020.3.15f2 (6cf78cb77498) revision 7141260'; Using compiler version '192528614'; Build Type 'Release'
OS: 'Windows Server 2022 Standard; OS build 20348.887; Version 2009; 64bit' Language: 'en' Physical Memory: 32440 MB
BatchMode: 1, IsHumanControllingUs: 0, StartBugReporterOnCrash: 0, Is64bit: 1, IsPro: 0

 COMMAND LINE ARGUMENTS:
C:\Program Files\Unity\Hub\Editor\2020.3.15f2\Editor\Unity.exe
-adb2
-batchMode
-noUpm
-name
AssetImportWorker0
-projectPath
E:/Users/jpcst52/Documents/GitHub/ApplePicker2022/ApplePicker2022
-logFile
Logs/AssetImportWorker0.log
-srvPort
58133
Successfully changed project path to: E:/Users/jpcst52/Documents/GitHub/ApplePicker2022/ApplePicker2022
E:/Users/jpcst52/Documents/GitHub/ApplePicker2022/ApplePicker2022
Using Asset Import Pipeline V2.
Refreshing native plugins compatible for Editor in 42.74 ms, found 2 plugins.
Preloading 0 native plugins for Editor in 0.00 ms.
Initialize engine version: 2020.3.15f2 (6cf78cb77498)
[Subsystems] Discovering subsystems at path C:/Program Files/Unity/Hub/Editor/2020.3.15f2/Editor/Data/Resources/UnitySubsystems
[Subsystems] Discovering subsystems at path E:/Users/jpcst52/Documents/GitHub/ApplePicker2022/ApplePicker2022/Assets
GfxDevice: creating device client; threaded=0
Direct3D:
    Version:  Direct3D 11.0 [level 11.1]
    Renderer: NVIDIA GeForce GTX 1080 (ID=0x1b80)
    Vendor:   
    VRAM:     8079 MB
    Driver:   30.0.15.1277
Initialize mono
Mono path[0] = 'C:/Program Files/Unity/Hub/Editor/2020.3.15f2/Editor/Data/Managed'
Mono path[1] = 'C:/Program Files/Unity/Hub/Editor/2020.3.15f2/Editor/Data/MonoBleedingEdge/lib/mono/unityjit'
Mono config path = 'C:/Program Files/Unity/Hub/Editor/2020.3.15f2/Editor/Data/MonoBleedingEdge/etc'
Using monoOptions --debugger-agent=transport=dt_socket,embedding=1,server=y,suspend=n,address=127.0.0.1:56896
Begin MonoManager ReloadAssembly
Registering precompiled unity dll's ...
Register platform support module: C:/Program Files/Unity/Hub/Editor/2020.3.15f2/Editor/Data/PlaybackEngines/WebGLSupport/UnityEditor.WebGL.Extensions.dll
Register platform support module: C:/Program Files/Unity/Hub/Editor/2020.3.15f2/Editor/Data/PlaybackEngines/WindowsStandaloneSupport/UnityEditor.WindowsStandalone.Extensions.dll
Registered in 0.004072 seconds.
Native extension for WindowsStandalone target not found
Native extension for WebGL target not found
Refreshing native plugins compatible for Editor in 43.00 ms, found 2 plugins.
Preloading 0 native plugins for Editor in 0.00 ms.
Mono: successfully reloaded assembly
- Completed reload, in  1.492 seconds
Domain Reload Profiling:
	ReloadAssembly (1493ms)
		BeginReloadAssembly (58ms)
			ExecutionOrderSort (0ms)
			DisableScriptedObjects (0ms)
			BackupInstance (0ms)
			ReleaseScriptingObjects (0ms)
			CreateAndSetChildDomain (1ms)
		EndReloadAssembly (621ms)
			LoadAssemblies (57ms)
			RebuildTransferFunctionScriptingTraits (0ms)
			SetupTypeCache (258ms)
			ReleaseScriptCaches (0ms)
			RebuildScriptCaches (38ms)
			SetupLoadedEditorAssemblies (218ms)
				LogAssemblyErrors (0ms)
				InitializePlatformSupportModulesInManaged (5ms)
				SetLoadedEditorAssemblies (0ms)
				RefreshPlugins (43ms)
				BeforeProcessingInitializeOnLoad (17ms)
				ProcessInitializeOnLoadAttributes (114ms)
				ProcessInitializeOnLoadMethodAttributes (39ms)
				AfterProcessingInitializeOnLoad (0ms)
				EditorAssembliesLoaded (0ms)
			ExecutionOrderSort2 (0ms)
			AwakeInstancesAfterBackupRestoration (0ms)
Platform modules already initialized, skipping
Registering precompiled user dll's ...
Registered in 0.007522 seconds.
Begin MonoManager ReloadAssembly
Native extension for WindowsStandalone target not found
Native extension for WebGL target not found
Refreshing native plugins compatible for Editor in 0.36 ms, found 2 plugins.
Preloading 0 native plugins for Editor in 0.00 ms.
Mono: successfully reloaded assembly
- Completed reload, in  1.895 seconds
Domain Reload Profiling:
	ReloadAssembly (1896ms)
		BeginReloadAssembly (266ms)
			ExecutionOrderSort (0ms)
			DisableScriptedObjects (13ms)
			BackupInstance (0ms)
			ReleaseScriptingObjects (0ms)
			CreateAndSetChildDomain (34ms)
		EndReloadAssembly (1541ms)
			LoadAssemblies (162ms)
			RebuildTransferFunctionScriptingTraits (0ms)
			SetupTypeCache (507ms)
			ReleaseScriptCaches (1ms)
			RebuildScriptCaches (61ms)
			SetupLoadedEditorAssemblies (708ms)
				LogAssemblyErrors (0ms)
				InitializePlatformSupportModulesInManaged (6ms)
				SetLoadedEditorAssemblies (0ms)
				RefreshPlugins (0ms)
				BeforeProcessingInitializeOnLoad (168ms)
				ProcessInitializeOnLoadAttributes (525ms)
				ProcessInitializeOnLoadMethodAttributes (5ms)
				AfterProcessingInitializeOnLoad (4ms)
				EditorAssembliesLoaded (0ms)
			ExecutionOrderSort2 (0ms)
			AwakeInstancesAfterBackupRestoration (13ms)
Platform modules already initialized, skipping
========================================================================
Worker process is ready to serve import requests
Launched and connected shader compiler UnityShaderCompiler.exe after 0.08 seconds
Refreshing native plugins compatible for Editor in 0.52 ms, found 2 plugins.
Preloading 0 native plugins for Editor in 0.00 ms.
Unloading 1396 Unused Serialized files (Serialized files now loaded: 0)
System memory in use before: 65.0 MB.
System memory in use after: 65.0 MB.

Unloading 19 unused Assets to reduce memory usage. Loaded Objects now: 1829.
Total: 3.204900 ms (FindLiveObjects: 0.494200 ms CreateObjectMapping: 0.193300 ms MarkObjects: 2.418100 ms  DeleteObjects: 0.097300 ms)

AssetImportParameters requested are different than current active one (requested -> active):
  custom:framework-win-MediaFoundation: 216162199b28c13a410421893ffa2e32 -> 
  custom:video-decoder-ogg-theora: a1e56fd34408186e4bbccfd4996cb3dc -> 
  custom:container-muxer-webm: aa71ff27fc2769a1b78a27578f13a17b -> 
  custom:container-demuxer-webm: 4f35f7cbe854078d1ac9338744f61a02 -> 
  custom:container-demuxer-ogg: 62fdf1f143b41e24485cea50d1cbac27 -> 
  custom:video-encoder-webm-vp8: eb34c28f22e8b96e1ab97ce403110664 -> 
  custom:video-decoder-webm-vp8: 9c59270c3fd7afecdb556c50c9e8de78 -> 
  custom:audio-decoder-ogg-vorbis: bf7c407c2cedff20999df2af8eb42d56 -> 
  custom:audio-encoder-webm-vorbis: bf7c407c2cedff20999df2af8eb42d56 -> 
========================================================================
Received Import Request.
  path: Assets/Mat_Leaves.mat
  artifactKey: Guid(7d392854ff74a884cb7718bab259887b) Importer(815301076,1909f56bfc062723c751e8b465ee728b)
Start importing Assets/Mat_Leaves.mat using Guid(7d392854ff74a884cb7718bab259887b) Importer(815301076,1909f56bfc062723c751e8b465ee728b)  -> (artifact id: '7a87e279b2291320cd4a32ac5223cb9f') in 0.182922 seconds 
  Import took 0.199933 seconds .

========================================================================
Received Import Request.
  Time since last request: 212.528248 seconds.
  path: Assets
  artifactKey: Guid(00000000000000001000000000000000) Importer(815301076,1909f56bfc062723c751e8b465ee728b)
Start importing Assets using Guid(00000000000000001000000000000000) Importer(815301076,1909f56bfc062723c751e8b465ee728b)  -> (artifact id: '42d402b061de3733987d63b9cc3b64de') in 0.010585 seconds 
  Import took 0.037531 seconds .

========================================================================
Received Import Request.
  Time since last request: 12.939832 seconds.
  path: Assets/Mat_Wood.mat
  artifactKey: Guid(2df367a912d373946ba0e8ad324d49e7) Importer(815301076,1909f56bfc062723c751e8b465ee728b)
Start importing Assets/Mat_Wood.mat using Guid(2df367a912d373946ba0e8ad324d49e7) Importer(815301076,1909f56bfc062723c751e8b465ee728b)  -> (artifact id: 'cf42f2501a973eecee46c6ef670a85f6') in 0.037055 seconds 
  Import took 0.042126 seconds .

========================================================================
Received Import Request.
  Time since last request: 141.500989 seconds.
  path: Assets/AppleTree.prefab
  artifactKey: Guid(9aaf29787f2cbb44bb3f5cd24619eb7a) Importer(815301076,1909f56bfc062723c751e8b465ee728b)
Start importing Assets/AppleTree.prefab using Guid(9aaf29787f2cbb44bb3f5cd24619eb7a) Importer(815301076,1909f56bfc062723c751e8b465ee728b)  -> (artifact id: '615d2f80c58c80c52078980d7efddb26') in 0.041112 seconds 
  Import took 0.069079 seconds .

========================================================================
Received Import Request.
  Time since last request: 0.003310 seconds.
  path: Assets/AppleTree.prefab
  artifactKey: Guid(9aaf29787f2cbb44bb3f5cd24619eb7a) Importer(815301076,1909f56bfc062723c751e8b465ee728b)
Start importing Assets/AppleTree.prefab using Guid(9aaf29787f2cbb44bb3f5cd24619eb7a) Importer(815301076,1909f56bfc062723c751e8b465ee728b)  -> (artifact id: '615d2f80c58c80c52078980d7efddb26') in 0.015049 seconds 
  Import took 0.017806 seconds .

========================================================================
Received Import Request.
  Time since last request: 334.632399 seconds.
  path: Assets/Mat_Apple.mat
  artifactKey: Guid(f7a1504ab51900d48ad99f81cceac2c0) Importer(815301076,1909f56bfc062723c751e8b465ee728b)
Start importing Assets/Mat_Apple.mat using Guid(f7a1504ab51900d48ad99f81cceac2c0) Importer(815301076,1909f56bfc062723c751e8b465ee728b)  -> (artifact id: '7e867bdae8472f9bc35233a4687524ee') in 0.025610 seconds 
  Import took 0.029816 seconds .

========================================================================
Received Import Request.
  Time since last request: 180.228372 seconds.
  path: ProjectSettings/TagManager.asset
  artifactKey: Guid(00000000000000003000000000000000) Importer(815301076,1909f56bfc062723c751e8b465ee728b)
Start importing ProjectSettings/TagManager.asset using Guid(00000000000000003000000000000000) Importer(815301076,1909f56bfc062723c751e8b465ee728b)  -> (artifact id: 'ce6a35c3cddc746e7501c0bd0ed6d4ce') in 0.016035 seconds 
  Import took 0.019783 seconds .

========================================================================
Received Import Request.
  Time since last request: 0.001288 seconds.
  path: ProjectSettings/TagManager.asset
  artifactKey: Guid(00000000000000003000000000000000) Importer(815301076,1909f56bfc062723c751e8b465ee728b)
Start importing ProjectSettings/TagManager.asset using Guid(00000000000000003000000000000000) Importer(815301076,1909f56bfc062723c751e8b465ee728b)  -> (artifact id: 'ce6a35c3cddc746e7501c0bd0ed6d4ce') in 0.004641 seconds 
  Import took 0.008543 seconds .

========================================================================
Received Prepare
Registering precompiled user dll's ...
Registered in 0.004280 seconds.
Begin MonoManager ReloadAssembly
Native extension for WindowsStandalone target not found
Native extension for WebGL target not found
Refreshing native plugins compatible for Editor in 0.35 ms, found 2 plugins.
Preloading 0 native plugins for Editor in 0.00 ms.
Mono: successfully reloaded assembly
- Completed reload, in  1.537 seconds
Domain Reload Profiling:
	ReloadAssembly (1538ms)
		BeginReloadAssembly (168ms)
			ExecutionOrderSort (0ms)
			DisableScriptedObjects (5ms)
			BackupInstance (0ms)
			ReleaseScriptingObjects (0ms)
			CreateAndSetChildDomain (71ms)
		EndReloadAssembly (1267ms)
			LoadAssemblies (120ms)
			RebuildTransferFunctionScriptingTraits (0ms)
			SetupTypeCache (416ms)
			ReleaseScriptCaches (1ms)
			RebuildScriptCaches (45ms)
			SetupLoadedEditorAssemblies (547ms)
				LogAssemblyErrors (0ms)
				InitializePlatformSupportModulesInManaged (5ms)
				SetLoadedEditorAssemblies (0ms)
				RefreshPlugins (0ms)
				BeforeProcessingInitializeOnLoad (103ms)
				ProcessInitializeOnLoadAttributes (430ms)
				ProcessInitializeOnLoadMethodAttributes (4ms)
				AfterProcessingInitializeOnLoad (4ms)
				EditorAssembliesLoaded (0ms)
			ExecutionOrderSort2 (0ms)
			AwakeInstancesAfterBackupRestoration (17ms)
Platform modules already initialized, skipping
Refreshing native plugins compatible for Editor in 0.44 ms, found 2 plugins.
Preloading 0 native plugins for Editor in 0.00 ms.
Unloading 1391 Unused Serialized files (Serialized files now loaded: 0)
System memory in use before: 68.3 MB.
System memory in use after: 68.4 MB.

Unloading 16 unused Assets to reduce memory usage. Loaded Objects now: 1874.
Total: 5.452400 ms (FindLiveObjects: 0.363700 ms CreateObjectMapping: 0.102500 ms MarkObjects: 4.860900 ms  DeleteObjects: 0.122000 ms)

AssetImportParameters requested are different than current active one (requested -> active):
  custom:framework-win-MediaFoundation: 216162199b28c13a410421893ffa2e32 -> 
  custom:video-decoder-ogg-theora: a1e56fd34408186e4bbccfd4996cb3dc -> 
  custom:container-muxer-webm: aa71ff27fc2769a1b78a27578f13a17b -> 
  custom:container-demuxer-webm: 4f35f7cbe854078d1ac9338744f61a02 -> 
  custom:container-demuxer-ogg: 62fdf1f143b41e24485cea50d1cbac27 -> 
  custom:video-encoder-webm-vp8: eb34c28f22e8b96e1ab97ce403110664 -> 
  custom:video-decoder-webm-vp8: 9c59270c3fd7afecdb556c50c9e8de78 -> 
  custom:audio-decoder-ogg-vorbis: bf7c407c2cedff20999df2af8eb42d56 -> 
  custom:audio-encoder-webm-vorbis: bf7c407c2cedff20999df2af8eb42d56 -> 
========================================================================
Received Import Request.
  Time since last request: 123.146870 seconds.
  path: Assets/Apple.prefab
  artifactKey: Guid(cbfe63a41d477b74b9d7ded54c35f6e0) Importer(815301076,1909f56bfc062723c751e8b465ee728b)
Start importing Assets/Apple.prefab using Guid(cbfe63a41d477b74b9d7ded54c35f6e0) Importer(815301076,1909f56bfc062723c751e8b465ee728b)  -> (artifact id: 'e04fc44d0f996a9b80cb8806bd8c3a82') in 0.101686 seconds 
  Import took 0.128004 seconds .

========================================================================
Received Import Request.
  Time since last request: 132.681850 seconds.
  path: Assets/Mat_Basket.mat
  artifactKey: Guid(97e2907e34307124bbfbb631a21f5406) Importer(815301076,1909f56bfc062723c751e8b465ee728b)
Start importing Assets/Mat_Basket.mat using Guid(97e2907e34307124bbfbb631a21f5406) Importer(815301076,1909f56bfc062723c751e8b465ee728b)  -> (artifact id: '555a82459bd908fb7a8d4ca16b7b5bd6') in 0.041274 seconds 
  Import took 0.073833 seconds .

========================================================================
Received Import Request.
  Time since last request: 293.227002 seconds.
  path: Assets/Basket.prefab
  artifactKey: Guid(bcce5fb6c42546a42a974041364d46b2) Importer(815301076,1909f56bfc062723c751e8b465ee728b)
Start importing Assets/Basket.prefab using Guid(bcce5fb6c42546a42a974041364d46b2) Importer(815301076,1909f56bfc062723c751e8b465ee728b)  -> (artifact id: '50dbfd3bb8d2d8b2b0b5946642361bcd') in 0.025396 seconds 
  Import took 0.029203 seconds .

========================================================================
Received Import Request.
  Time since last request: 0.005235 seconds.
  path: Assets/Basket.prefab
  artifactKey: Guid(bcce5fb6c42546a42a974041364d46b2) Importer(815301076,1909f56bfc062723c751e8b465ee728b)
Start importing Assets/Basket.prefab using Guid(bcce5fb6c42546a42a974041364d46b2) Importer(815301076,1909f56bfc062723c751e8b465ee728b)  -> (artifact id: '50dbfd3bb8d2d8b2b0b5946642361bcd') in 0.013109 seconds 
  Import took 0.017973 seconds .

========================================================================
Received Import Request.
  Time since last request: 23.841239 seconds.
  path: Assets/Mat_Apple.mat
  artifactKey: Guid(f7a1504ab51900d48ad99f81cceac2c0) Importer(815301076,1909f56bfc062723c751e8b465ee728b)
Start importing Assets/Mat_Apple.mat using Guid(f7a1504ab51900d48ad99f81cceac2c0) Importer(815301076,1909f56bfc062723c751e8b465ee728b)  -> (artifact id: 'a4ee3e7ca2ccffe8d7e136b6f5d0ff5b') in 0.021742 seconds 
  Import took 0.024797 seconds .

========================================================================
Received Import Request.
  Time since last request: 0.000209 seconds.
  path: Assets/Mat_Basket.mat
  artifactKey: Guid(97e2907e34307124bbfbb631a21f5406) Importer(815301076,1909f56bfc062723c751e8b465ee728b)
Start importing Assets/Mat_Basket.mat using Guid(97e2907e34307124bbfbb631a21f5406) Importer(815301076,1909f56bfc062723c751e8b465ee728b)  -> (artifact id: 'f2f7d5e5262d3a77e2ad7b57a95542ef') in 0.022347 seconds 
  Import took 0.049674 seconds .

========================================================================
Received Import Request.
  Time since last request: 0.000345 seconds.
  path: Assets/Mat_Wood.mat
  artifactKey: Guid(2df367a912d373946ba0e8ad324d49e7) Importer(815301076,1909f56bfc062723c751e8b465ee728b)
Start importing Assets/Mat_Wood.mat using Guid(2df367a912d373946ba0e8ad324d49e7) Importer(815301076,1909f56bfc062723c751e8b465ee728b)  -> (artifact id: 'ae5feaabee698d9e7ab47bda4c8dc60f') in 0.020135 seconds 
  Import took 0.055784 seconds .

========================================================================
Received Import Request.
  Time since last request: 0.000405 seconds.
  path: Assets/Mat_Leaves.mat
  artifactKey: Guid(7d392854ff74a884cb7718bab259887b) Importer(815301076,1909f56bfc062723c751e8b465ee728b)
Start importing Assets/Mat_Leaves.mat using Guid(7d392854ff74a884cb7718bab259887b) Importer(815301076,1909f56bfc062723c751e8b465ee728b)  -> (artifact id: 'f9bfa6f61bb004d1f6be135cc860f635') in 0.020835 seconds 
  Import took 0.024759 seconds .

========================================================================
Received Prepare
Registering precompiled user dll's ...
Registered in 0.005371 seconds.
Begin MonoManager ReloadAssembly
Native extension for WindowsStandalone target not found
Native extension for WebGL target not found
Refreshing native plugins compatible for Editor in 0.74 ms, found 2 plugins.
Preloading 0 native plugins for Editor in 0.00 ms.
Mono: successfully reloaded assembly
- Completed reload, in  1.618 seconds
Domain Reload Profiling:
	ReloadAssembly (1619ms)
		BeginReloadAssembly (158ms)
			ExecutionOrderSort (0ms)
			DisableScriptedObjects (4ms)
			BackupInstance (0ms)
			ReleaseScriptingObjects (0ms)
			CreateAndSetChildDomain (63ms)
		EndReloadAssembly (1381ms)
			LoadAssemblies (138ms)
			RebuildTransferFunctionScriptingTraits (0ms)
			SetupTypeCache (428ms)
			ReleaseScriptCaches (1ms)
			RebuildScriptCaches (63ms)
			SetupLoadedEditorAssemblies (616ms)
				LogAssemblyErrors (0ms)
				InitializePlatformSupportModulesInManaged (6ms)
				SetLoadedEditorAssemblies (1ms)
				RefreshPlugins (1ms)
				BeforeProcessingInitializeOnLoad (138ms)
				ProcessInitializeOnLoadAttributes (462ms)
				ProcessInitializeOnLoadMethodAttributes (4ms)
				AfterProcessingInitializeOnLoad (4ms)
				EditorAssembliesLoaded (0ms)
			ExecutionOrderSort2 (0ms)
			AwakeInstancesAfterBackupRestoration (7ms)
Platform modules already initialized, skipping
Refreshing native plugins compatible for Editor in 0.72 ms, found 2 plugins.
Preloading 0 native plugins for Editor in 0.00 ms.
Unloading 1391 Unused Serialized files (Serialized files now loaded: 0)
System memory in use before: 68.4 MB.
System memory in use after: 68.5 MB.

Unloading 14 unused Assets to reduce memory usage. Loaded Objects now: 1880.
Total: 3.921500 ms (FindLiveObjects: 0.265700 ms CreateObjectMapping: 0.059100 ms MarkObjects: 3.495900 ms  DeleteObjects: 0.098600 ms)

AssetImportParameters requested are different than current active one (requested -> active):
  custom:framework-win-MediaFoundation: 216162199b28c13a410421893ffa2e32 -> 
  custom:video-decoder-ogg-theora: a1e56fd34408186e4bbccfd4996cb3dc -> 
  custom:container-muxer-webm: aa71ff27fc2769a1b78a27578f13a17b -> 
  custom:container-demuxer-webm: 4f35f7cbe854078d1ac9338744f61a02 -> 
  custom:container-demuxer-ogg: 62fdf1f143b41e24485cea50d1cbac27 -> 
  custom:video-encoder-webm-vp8: eb34c28f22e8b96e1ab97ce403110664 -> 
  custom:video-decoder-webm-vp8: 9c59270c3fd7afecdb556c50c9e8de78 -> 
  custom:audio-decoder-ogg-vorbis: bf7c407c2cedff20999df2af8eb42d56 -> 
  custom:audio-encoder-webm-vorbis: bf7c407c2cedff20999df2af8eb42d56 -> 
========================================================================
Received Prepare
Registering precompiled user dll's ...
Registered in 0.002551 seconds.
Begin MonoManager ReloadAssembly
Native extension for WindowsStandalone target not found
Native extension for WebGL target not found
Refreshing native plugins compatible for Editor in 0.48 ms, found 2 plugins.
Preloading 0 native plugins for Editor in 0.00 ms.
Mono: successfully reloaded assembly
- Completed reload, in  1.398 seconds
Domain Reload Profiling:
	ReloadAssembly (1399ms)
		BeginReloadAssembly (141ms)
			ExecutionOrderSort (0ms)
			DisableScriptedObjects (5ms)
			BackupInstance (0ms)
			ReleaseScriptingObjects (0ms)
			CreateAndSetChildDomain (50ms)
		EndReloadAssembly (1177ms)
			LoadAssemblies (108ms)
			RebuildTransferFunctionScriptingTraits (0ms)
			SetupTypeCache (397ms)
			ReleaseScriptCaches (1ms)
			RebuildScriptCaches (51ms)
			SetupLoadedEditorAssemblies (487ms)
				LogAssemblyErrors (0ms)
				InitializePlatformSupportModulesInManaged (7ms)
				SetLoadedEditorAssemblies (0ms)
				RefreshPlugins (1ms)
				BeforeProcessingInitializeOnLoad (105ms)
				ProcessInitializeOnLoadAttributes (362ms)
				ProcessInitializeOnLoadMethodAttributes (4ms)
				AfterProcessingInitializeOnLoad (6ms)
				EditorAssembliesLoaded (0ms)
			ExecutionOrderSort2 (0ms)
			AwakeInstancesAfterBackupRestoration (12ms)
Platform modules already initialized, skipping
Refreshing native plugins compatible for Editor in 0.47 ms, found 2 plugins.
Preloading 0 native plugins for Editor in 0.00 ms.
Unloading 1392 Unused Serialized files (Serialized files now loaded: 0)
System memory in use before: 68.4 MB.
System memory in use after: 68.5 MB.

Unloading 14 unused Assets to reduce memory usage. Loaded Objects now: 1884.
Total: 3.554600 ms (FindLiveObjects: 0.208600 ms CreateObjectMapping: 0.043400 ms MarkObjects: 3.235700 ms  DeleteObjects: 0.065200 ms)

AssetImportParameters requested are different than current active one (requested -> active):
  custom:framework-win-MediaFoundation: 216162199b28c13a410421893ffa2e32 -> 
  custom:video-decoder-ogg-theora: a1e56fd34408186e4bbccfd4996cb3dc -> 
  custom:container-muxer-webm: aa71ff27fc2769a1b78a27578f13a17b -> 
  custom:container-demuxer-webm: 4f35f7cbe854078d1ac9338744f61a02 -> 
  custom:container-demuxer-ogg: 62fdf1f143b41e24485cea50d1cbac27 -> 
  custom:video-encoder-webm-vp8: eb34c28f22e8b96e1ab97ce403110664 -> 
  custom:video-decoder-webm-vp8: 9c59270c3fd7afecdb556c50c9e8de78 -> 
  custom:audio-decoder-ogg-vorbis: bf7c407c2cedff20999df2af8eb42d56 -> 
  custom:audio-encoder-webm-vorbis: bf7c407c2cedff20999df2af8eb42d56 -> 
========================================================================
Received Import Request.
  Time since last request: 1420.306608 seconds.
  path: Assets/AppleTree.prefab
  artifactKey: Guid(9aaf29787f2cbb44bb3f5cd24619eb7a) Importer(815301076,1909f56bfc062723c751e8b465ee728b)
Start importing Assets/AppleTree.prefab using Guid(9aaf29787f2cbb44bb3f5cd24619eb7a) Importer(815301076,1909f56bfc062723c751e8b465ee728b)  -> (artifact id: '764848fbf8c1a41ceb13bd18227f3920') in 0.083920 seconds 
  Import took 0.114502 seconds .

========================================================================
Received Import Request.
  Time since last request: 40.076065 seconds.
  path: Assets/Apple.prefab
  artifactKey: Guid(cbfe63a41d477b74b9d7ded54c35f6e0) Importer(815301076,1909f56bfc062723c751e8b465ee728b)
Start importing Assets/Apple.prefab using Guid(cbfe63a41d477b74b9d7ded54c35f6e0) Importer(815301076,1909f56bfc062723c751e8b465ee728b)  -> (artifact id: 'a717b5097ba1dd7c343c4060d3e45f1a') in 0.025125 seconds 
  Import took 0.064757 seconds .

AssetImportWorkerClient::OnTransportError - code=2 error=End of file
